2024-06-04 23:49:41,376:INFO:PyCaret Supervised Module
2024-06-04 23:49:41,376:INFO:ML Usecase: regression
2024-06-04 23:49:41,377:INFO:version 2.3.10
2024-06-04 23:49:41,377:INFO:Initializing setup()
2024-06-04 23:49:41,377:INFO:setup(target=Strength, ml_usecase=regression, available_plots={'parameter': 'Hyperparameters', 'residuals': 'Residuals', 'error': 'Prediction Error', 'cooks': 'Cooks Distance', 'rfe': 'Feature Selection', 'learning': 'Learning Curve', 'manifold': 'Manifold Learning', 'vc': 'Validation Curve', 'feature': 'Feature Importance', 'feature_all': 'Feature Importance (All)', 'tree': 'Decision Tree', 'residuals_interactive': 'Interactive Residuals'}, train_size=0.7, test_data=None, preprocess=True, imputation_type=simple, iterative_imputation_iters=5, categorical_features=None, categorical_imputation=constant, categorical_iterative_imputer=lightgbm, ordinal_features=None, high_cardinality_features=None, high_cardinality_method=frequency, numeric_features=None, numeric_imputation=mean, numeric_iterative_imputer=lightgbm, date_features=None, ignore_features=None, normalize=False, normalize_method=zscore, transformation=False, transformation_method=yeo-johnson, handle_unknown_categorical=True, unknown_categorical_method=least_frequent, pca=False, pca_method=linear, pca_components=None, ignore_low_variance=False, combine_rare_levels=False, rare_level_threshold=0.1, bin_numeric_features=None, remove_outliers=False, outliers_threshold=0.05, remove_multicollinearity=False, multicollinearity_threshold=0.9, remove_perfect_collinearity=True, create_clusters=False, cluster_iter=20, polynomial_features=False, polynomial_degree=2, trigonometry_features=False, polynomial_threshold=0.1, group_features=None, group_names=None, feature_selection=False, feature_selection_threshold=0.8, feature_selection_method=classic, feature_interaction=False, feature_ratio=False, interaction_threshold=0.01, fix_imbalance=False, fix_imbalance_method=None, transform_target=False, transform_target_method=box-cox, data_split_shuffle=True, data_split_stratify=False, fold_strategy=kfold, fold=10, fold_shuffle=False, fold_groups=None, n_jobs=-1, use_gpu=False, custom_pipeline=None, html=True, session_id=123, log_experiment=False, experiment_name=None, experiment_custom_tags=None, log_plots=False, log_profile=False, log_data=False, silent=False, verbose=True, profile=True, profile_kwargs=None, display=None)
2024-06-04 23:49:41,377:INFO:Checking environment
2024-06-04 23:49:41,377:INFO:python_version: 3.8.16
2024-06-04 23:49:41,377:INFO:python_build: ('default', 'Jan 17 2023 22:25:28')
2024-06-04 23:49:41,377:INFO:machine: AMD64
2024-06-04 23:49:41,377:INFO:platform: Windows-10-10.0.19045-SP0
2024-06-04 23:49:41,383:INFO:Memory: svmem(total=17128337408, available=2286796800, percent=86.6, used=14841540608, free=2286796800)
2024-06-04 23:49:41,383:INFO:Physical Core: 6
2024-06-04 23:49:41,383:INFO:Logical Core: 12
2024-06-04 23:49:41,384:INFO:Checking libraries
2024-06-04 23:49:41,384:INFO:pd==1.5.3
2024-06-04 23:49:41,384:INFO:numpy==1.20.3
2024-06-04 23:49:41,384:INFO:sklearn==0.23.2
2024-06-04 23:49:41,384:INFO:lightgbm==3.3.5
2024-06-04 23:49:41,385:WARNING:catboost not found
2024-06-04 23:49:41,385:WARNING:xgboost not found
2024-06-04 23:49:41,385:INFO:mlflow==2.1.1
2024-06-04 23:49:41,385:INFO:Checking Exceptions
2024-06-04 23:49:41,386:INFO:Declaring global variables
2024-06-04 23:49:41,386:INFO:USI: 77b5
2024-06-04 23:49:41,386:INFO:pycaret_globals: {'html_param', 'exp_name_log', 'iterative_imputation_iters_param', '_internal_pipeline', 'X_train', 'logging_param', 'experiment__', 'n_jobs_param', 'X', 'create_model_container', '_all_models_internal', 'y_train', 'fold_param', 'fold_groups_param', 'log_plots_param', 'fold_generator', 'transform_target_param', '_all_models', 'transform_target_method_param', '_gpu_n_jobs_param', 'fix_imbalance_method_param', 'display_container', 'seed', 'y_test', 'imputation_regressor', 'X_test', '_available_plots', 'fold_shuffle_param', 'y', 'data_before_preprocess', 'master_model_container', 'imputation_classifier', 'stratify_param', 'USI', 'pycaret_globals', 'target_param', '_all_metrics', 'fix_imbalance_param', 'prep_pipe', '_ml_usecase', 'fold_groups_param_full', 'dashboard_logger', 'gpu_param'}
2024-06-04 23:49:41,386:INFO:Preparing display monitor
2024-06-04 23:49:41,386:INFO:Preparing display monitor
2024-06-04 23:49:41,393:INFO:Importing libraries
2024-06-04 23:49:41,393:INFO:Copying data for preprocessing
2024-06-04 23:49:41,401:INFO:Declaring preprocessing parameters
2024-06-04 23:49:41,402:INFO:Creating preprocessing pipeline
2024-06-04 23:49:41,410:INFO:Preprocessing pipeline created successfully
2024-06-04 23:49:41,410:ERROR:(Process Exit): setup has been interupted with user command 'quit'. setup must rerun.
2024-06-04 23:49:41,410:INFO:Creating global containers
2024-06-04 23:49:41,412:INFO:Internal pipeline: Pipeline(memory=None, steps=[('empty_step', 'passthrough')], verbose=False)
2024-06-04 23:54:10,600:INFO:PyCaret Supervised Module
2024-06-04 23:54:10,600:INFO:ML Usecase: regression
2024-06-04 23:54:10,600:INFO:version 2.3.10
2024-06-04 23:54:10,600:INFO:Initializing setup()
2024-06-04 23:54:10,600:INFO:setup(target=Strength, ml_usecase=regression, available_plots={'parameter': 'Hyperparameters', 'residuals': 'Residuals', 'error': 'Prediction Error', 'cooks': 'Cooks Distance', 'rfe': 'Feature Selection', 'learning': 'Learning Curve', 'manifold': 'Manifold Learning', 'vc': 'Validation Curve', 'feature': 'Feature Importance', 'feature_all': 'Feature Importance (All)', 'tree': 'Decision Tree', 'residuals_interactive': 'Interactive Residuals'}, train_size=0.7, test_data=None, preprocess=True, imputation_type=simple, iterative_imputation_iters=5, categorical_features=None, categorical_imputation=constant, categorical_iterative_imputer=lightgbm, ordinal_features=None, high_cardinality_features=None, high_cardinality_method=frequency, numeric_features=None, numeric_imputation=mean, numeric_iterative_imputer=lightgbm, date_features=None, ignore_features=None, normalize=False, normalize_method=zscore, transformation=False, transformation_method=yeo-johnson, handle_unknown_categorical=True, unknown_categorical_method=least_frequent, pca=False, pca_method=linear, pca_components=None, ignore_low_variance=False, combine_rare_levels=False, rare_level_threshold=0.1, bin_numeric_features=None, remove_outliers=False, outliers_threshold=0.05, remove_multicollinearity=False, multicollinearity_threshold=0.9, remove_perfect_collinearity=True, create_clusters=False, cluster_iter=20, polynomial_features=False, polynomial_degree=2, trigonometry_features=False, polynomial_threshold=0.1, group_features=None, group_names=None, feature_selection=False, feature_selection_threshold=0.8, feature_selection_method=classic, feature_interaction=False, feature_ratio=False, interaction_threshold=0.01, fix_imbalance=False, fix_imbalance_method=None, transform_target=False, transform_target_method=box-cox, data_split_shuffle=True, data_split_stratify=False, fold_strategy=kfold, fold=10, fold_shuffle=False, fold_groups=None, n_jobs=-1, use_gpu=False, custom_pipeline=None, html=True, session_id=123, log_experiment=False, experiment_name=None, experiment_custom_tags=None, log_plots=False, log_profile=False, log_data=False, silent=False, verbose=True, profile=True, profile_kwargs=None, display=None)
2024-06-04 23:54:10,600:INFO:Checking environment
2024-06-04 23:54:10,600:INFO:python_version: 3.8.16
2024-06-04 23:54:10,600:INFO:python_build: ('default', 'Jan 17 2023 22:25:28')
2024-06-04 23:54:10,600:INFO:machine: AMD64
2024-06-04 23:54:10,601:INFO:platform: Windows-10-10.0.19045-SP0
2024-06-04 23:54:10,606:INFO:Memory: svmem(total=17128337408, available=2748993536, percent=84.0, used=14379343872, free=2748993536)
2024-06-04 23:54:10,607:INFO:Physical Core: 6
2024-06-04 23:54:10,607:INFO:Logical Core: 12
2024-06-04 23:54:10,607:INFO:Checking libraries
2024-06-04 23:54:10,607:INFO:pd==1.5.3
2024-06-04 23:54:10,607:INFO:numpy==1.20.3
2024-06-04 23:54:10,607:INFO:sklearn==0.23.2
2024-06-04 23:54:10,607:INFO:lightgbm==3.3.5
2024-06-04 23:54:10,608:WARNING:catboost not found
2024-06-04 23:54:10,609:WARNING:xgboost not found
2024-06-04 23:54:10,609:INFO:mlflow==2.1.1
2024-06-04 23:54:10,609:INFO:Checking Exceptions
2024-06-04 23:54:10,609:INFO:Declaring global variables
2024-06-04 23:54:10,609:INFO:USI: 52c3
2024-06-04 23:54:10,609:INFO:pycaret_globals: {'stratify_param', 'fold_shuffle_param', 'create_model_container', 'iterative_imputation_iters_param', 'y_train', 'y_test', 'X', 'data_before_preprocess', '_available_plots', 'X_test', 'fold_groups_param', 'transform_target_method_param', '_all_models_internal', 'pycaret_globals', 'prep_pipe', '_all_models', '_gpu_n_jobs_param', 'imputation_regressor', 'fold_generator', '_all_metrics', '_ml_usecase', '_internal_pipeline', 'fold_groups_param_full', 'dashboard_logger', 'master_model_container', 'transform_target_param', 'gpu_param', 'seed', 'html_param', 'fix_imbalance_method_param', 'exp_name_log', 'experiment__', 'imputation_classifier', 'y', 'fix_imbalance_param', 'n_jobs_param', 'display_container', 'fold_param', 'logging_param', 'target_param', 'USI', 'log_plots_param', 'X_train'}
2024-06-04 23:54:10,609:INFO:Preparing display monitor
2024-06-04 23:54:10,609:INFO:Preparing display monitor
2024-06-04 23:54:10,616:INFO:Importing libraries
2024-06-04 23:54:10,616:INFO:Copying data for preprocessing
2024-06-04 23:54:10,623:INFO:Declaring preprocessing parameters
2024-06-04 23:54:10,624:INFO:Creating preprocessing pipeline
2024-06-04 23:54:10,632:INFO:Preprocessing pipeline created successfully
2024-06-04 23:54:10,632:ERROR:(Process Exit): setup has been interupted with user command 'quit'. setup must rerun.
2024-06-04 23:54:10,632:INFO:Creating global containers
2024-06-04 23:54:10,634:INFO:Internal pipeline: Pipeline(memory=None, steps=[('empty_step', 'passthrough')], verbose=False)
2024-06-04 23:54:10,881:WARNING:Couldn't import xgboost.XGBRegressor
2024-06-04 23:54:10,882:WARNING:Couldn't import catboost.CatBoostRegressor
2024-06-04 23:54:10,995:WARNING:Couldn't import xgboost.XGBRegressor
2024-06-04 23:54:10,996:WARNING:Couldn't import catboost.CatBoostRegressor
2024-06-04 23:54:10,996:INFO:Creating grid variables
2024-06-04 23:54:28,963:INFO:create_model_container: 0
2024-06-04 23:54:28,964:INFO:master_model_container: 0
2024-06-04 23:54:28,964:INFO:display_container: 1
2024-06-04 23:54:28,968:INFO:Pipeline(memory=None,
         steps=[('dtypes',
                 DataTypes_Auto_infer(categorical_features=[],
                                      display_types=True, features_todrop=[],
                                      id_columns=[], ml_usecase='regression',
                                      numerical_features=[], target='Strength',
                                      time_features=[])),
                ('imputer',
                 Simple_Imputer(categorical_strategy='not_available',
                                fill_value_categorical=None,
                                fill_value_numerical=None,
                                numeric_strateg...
                ('scaling', 'passthrough'), ('P_transform', 'passthrough'),
                ('binn', 'passthrough'), ('rem_outliers', 'passthrough'),
                ('cluster_all', 'passthrough'),
                ('dummy', Dummify(target='Strength')),
                ('fix_perfect', Remove_100(target='Strength')),
                ('clean_names', Clean_Colum_Names()),
                ('feature_select', 'passthrough'), ('fix_multi', 'passthrough'),
                ('dfs', 'passthrough'), ('pca', 'passthrough')],
         verbose=False)
2024-06-04 23:54:28,969:INFO:setup() succesfully completed......................................
2024-06-04 23:56:45,180:INFO:PyCaret Supervised Module
2024-06-04 23:56:45,180:INFO:ML Usecase: regression
2024-06-04 23:56:45,180:INFO:version 2.3.10
2024-06-04 23:56:45,181:INFO:Initializing setup()
2024-06-04 23:56:45,181:INFO:setup(target=Strength, ml_usecase=regression, available_plots={'parameter': 'Hyperparameters', 'residuals': 'Residuals', 'error': 'Prediction Error', 'cooks': 'Cooks Distance', 'rfe': 'Feature Selection', 'learning': 'Learning Curve', 'manifold': 'Manifold Learning', 'vc': 'Validation Curve', 'feature': 'Feature Importance', 'feature_all': 'Feature Importance (All)', 'tree': 'Decision Tree', 'residuals_interactive': 'Interactive Residuals'}, train_size=0.7, test_data=None, preprocess=True, imputation_type=simple, iterative_imputation_iters=5, categorical_features=None, categorical_imputation=constant, categorical_iterative_imputer=lightgbm, ordinal_features=None, high_cardinality_features=None, high_cardinality_method=frequency, numeric_features=None, numeric_imputation=mean, numeric_iterative_imputer=lightgbm, date_features=None, ignore_features=None, normalize=False, normalize_method=zscore, transformation=False, transformation_method=yeo-johnson, handle_unknown_categorical=True, unknown_categorical_method=least_frequent, pca=False, pca_method=linear, pca_components=None, ignore_low_variance=False, combine_rare_levels=False, rare_level_threshold=0.1, bin_numeric_features=None, remove_outliers=False, outliers_threshold=0.05, remove_multicollinearity=False, multicollinearity_threshold=0.9, remove_perfect_collinearity=True, create_clusters=False, cluster_iter=20, polynomial_features=False, polynomial_degree=2, trigonometry_features=False, polynomial_threshold=0.1, group_features=None, group_names=None, feature_selection=False, feature_selection_threshold=0.8, feature_selection_method=classic, feature_interaction=False, feature_ratio=False, interaction_threshold=0.01, fix_imbalance=False, fix_imbalance_method=None, transform_target=False, transform_target_method=box-cox, data_split_shuffle=True, data_split_stratify=False, fold_strategy=kfold, fold=10, fold_shuffle=False, fold_groups=None, n_jobs=-1, use_gpu=False, custom_pipeline=None, html=True, session_id=123, log_experiment=False, experiment_name=None, experiment_custom_tags=None, log_plots=False, log_profile=False, log_data=False, silent=False, verbose=True, profile=True, profile_kwargs=None, display=None)
2024-06-04 23:56:45,181:INFO:Checking environment
2024-06-04 23:56:45,181:INFO:python_version: 3.8.16
2024-06-04 23:56:45,181:INFO:python_build: ('default', 'Jan 17 2023 22:25:28')
2024-06-04 23:56:45,181:INFO:machine: AMD64
2024-06-04 23:56:45,181:INFO:platform: Windows-10-10.0.19045-SP0
2024-06-04 23:56:45,187:INFO:Memory: svmem(total=17128337408, available=4010885120, percent=76.6, used=13117452288, free=4010885120)
2024-06-04 23:56:45,187:INFO:Physical Core: 6
2024-06-04 23:56:45,187:INFO:Logical Core: 12
2024-06-04 23:56:45,187:INFO:Checking libraries
2024-06-04 23:56:45,187:INFO:pd==1.5.3
2024-06-04 23:56:45,187:INFO:numpy==1.20.3
2024-06-04 23:56:45,187:INFO:sklearn==0.23.2
2024-06-04 23:56:45,187:INFO:lightgbm==3.3.5
2024-06-04 23:56:45,188:WARNING:catboost not found
2024-06-04 23:56:45,189:WARNING:xgboost not found
2024-06-04 23:56:45,189:INFO:mlflow==2.1.1
2024-06-04 23:56:45,189:INFO:Checking Exceptions
2024-06-04 23:56:45,189:INFO:Declaring global variables
2024-06-04 23:56:45,189:INFO:USI: e38e
2024-06-04 23:56:45,189:INFO:pycaret_globals: {'log_plots_param', 'fold_shuffle_param', 'fold_groups_param_full', 'master_model_container', 'X', 'imputation_classifier', '_all_models', 'y_test', 'gpu_param', 'fix_imbalance_method_param', '_available_plots', 'n_jobs_param', 'iterative_imputation_iters_param', 'seed', 'logging_param', 'fold_generator', '_internal_pipeline', '_all_models_internal', 'fold_param', 'y', 'display_container', 'imputation_regressor', '_ml_usecase', 'transform_target_param', 'X_train', 'pycaret_globals', 'y_train', '_all_metrics', 'X_test', 'target_param', '_gpu_n_jobs_param', 'html_param', 'experiment__', 'data_before_preprocess', 'fold_groups_param', 'stratify_param', 'dashboard_logger', 'USI', 'exp_name_log', 'prep_pipe', 'create_model_container', 'transform_target_method_param', 'fix_imbalance_param'}
2024-06-04 23:56:45,189:INFO:Preparing display monitor
2024-06-04 23:56:45,189:INFO:Preparing display monitor
2024-06-04 23:56:45,197:INFO:Importing libraries
2024-06-04 23:56:45,197:INFO:Copying data for preprocessing
2024-06-04 23:56:45,204:INFO:Declaring preprocessing parameters
2024-06-04 23:56:45,205:INFO:Creating preprocessing pipeline
2024-06-04 23:56:45,212:INFO:Preprocessing pipeline created successfully
2024-06-04 23:56:45,213:ERROR:(Process Exit): setup has been interupted with user command 'quit'. setup must rerun.
2024-06-04 23:56:45,213:INFO:Creating global containers
2024-06-04 23:56:45,214:INFO:Internal pipeline: Pipeline(memory=None, steps=[('empty_step', 'passthrough')], verbose=False)
2024-06-04 23:56:45,464:WARNING:Couldn't import xgboost.XGBRegressor
2024-06-04 23:56:45,465:WARNING:Couldn't import catboost.CatBoostRegressor
2024-06-04 23:56:45,581:WARNING:Couldn't import xgboost.XGBRegressor
2024-06-04 23:56:45,582:WARNING:Couldn't import catboost.CatBoostRegressor
2024-06-04 23:56:45,582:INFO:Creating grid variables
2024-06-04 23:57:02,686:INFO:create_model_container: 0
2024-06-04 23:57:02,686:INFO:master_model_container: 0
2024-06-04 23:57:02,686:INFO:display_container: 1
2024-06-04 23:57:02,691:INFO:Pipeline(memory=None,
         steps=[('dtypes',
                 DataTypes_Auto_infer(categorical_features=[],
                                      display_types=True, features_todrop=[],
                                      id_columns=[], ml_usecase='regression',
                                      numerical_features=[], target='Strength',
                                      time_features=[])),
                ('imputer',
                 Simple_Imputer(categorical_strategy='not_available',
                                fill_value_categorical=None,
                                fill_value_numerical=None,
                                numeric_strateg...
                ('scaling', 'passthrough'), ('P_transform', 'passthrough'),
                ('binn', 'passthrough'), ('rem_outliers', 'passthrough'),
                ('cluster_all', 'passthrough'),
                ('dummy', Dummify(target='Strength')),
                ('fix_perfect', Remove_100(target='Strength')),
                ('clean_names', Clean_Colum_Names()),
                ('feature_select', 'passthrough'), ('fix_multi', 'passthrough'),
                ('dfs', 'passthrough'), ('pca', 'passthrough')],
         verbose=False)
2024-06-04 23:57:02,691:INFO:setup() succesfully completed......................................
